\BOOKMARK [0][-]{part.1}{\376\377\000I\000\040\000S\000i\000s\000t\000e\000m\000a\000s\000\040\000d\000e\000\040\000I\000n\000f\000o\000r\000m\000a\000c\000i\000\363\000n}{}% 1
\BOOKMARK [1][-]{section.1}{\376\377\000T\000e\000o\000r\000\355\000a\000\040\000G\000e\000n\000e\000r\000a\000l\000\040\000d\000e\000\040\000l\000o\000s\000\040\000S\000i\000s\000t\000e\000m\000a\000s}{part.1}% 2
\BOOKMARK [1][-]{section.2}{\376\377\000C\000a\000r\000a\000c\000t\000e\000r\000\355\000s\000t\000i\000c\000a\000s\000\040\000d\000e\000\040\000l\000o\000s\000\040\000S\000i\000s\000t\000e\000m\000a\000s\000\040\000[\000E\000A\000E\000S\000]}{part.1}% 3
\BOOKMARK [2][-]{section*.2}{\376\377\000E\000f\000i\000c\000i\000e\000n\000c\000i\000a}{section.2}% 4
\BOOKMARK [3][-]{section*.3}{\376\377\000A\000d\000a\000p\000t\000a\000b\000i\000l\000i\000d\000a\000d}{section*.2}% 5
\BOOKMARK [4][-]{section*.4}{\376\377\000E\000s\000t\000a\000b\000i\000l\000i\000d\000a\000d}{section*.3}% 6
\BOOKMARK [4][-]{section*.5}{\376\377\000S\000i\000n\000e\000r\000g\000i\000a}{section*.3}% 7
\BOOKMARK [1][-]{section.3}{\376\377\000C\000\363\000m\000o\000\040\000s\000a\000b\000e\000m\000o\000s\000\040\000s\000i\000\040\000u\000n\000a\000\040\000o\000r\000g\000a\000n\000i\000z\000a\000c\000i\000\363\000n\000\040\000f\000u\000n\000c\000i\000o\000n\000a\000\040\000c\000o\000m\000o\000\040\000S\000i\000s\000t\000e\000m\000a\000?\000\040\000P\000r\000i\000n\000c\000i\000p\000i\000o\000s\000\040\000[\000E\000S\000I\000D\000E\000]}{part.1}% 8
\BOOKMARK [2][-]{section*.6}{\376\377\000E\000f\000i\000c\000a\000c\000i\000a}{section.3}% 9
\BOOKMARK [3][-]{section*.7}{\376\377\000S\000u\000b\000s\000i\000d\000a\000r\000i\000e\000d\000a\000d}{section*.6}% 10
\BOOKMARK [4][-]{section*.8}{\376\377\000I\000n\000t\000e\000r\000a\000c\000c\000i\000\363\000n}{section*.7}% 11
\BOOKMARK [4][-]{section*.9}{\376\377\000D\000e\000t\000e\000r\000m\000i\000n\000i\000s\000m\000o}{section*.7}% 12
\BOOKMARK [4][-]{section*.10}{\376\377\000E\000q\000u\000i\000f\000i\000n\000a\000l\000i\000d\000a\000d}{section*.7}% 13
\BOOKMARK [2][-]{section*.11}{\376\377\000P\000o\000r\000\040\000q\000u\000\351\000\040\000l\000a\000\040\000e\000m\000p\000r\000e\000s\000a\000\040\000d\000e\000b\000e\000\040\000a\000p\000l\000i\000c\000a\000r\000\040\000s\000i\000s\000t\000e\000m\000a\000s\000?}{section.3}% 14
\BOOKMARK [2][-]{section*.12}{\376\377\000L\000a\000\040\000f\000i\000n\000a\000l\000i\000d\000a\000d\000\040\000d\000e\000\040\000l\000a\000s\000\040\000o\000r\000g\000a\000n\000i\000z\000a\000c\000i\000o\000n\000e\000s\000,\000\040\000y\000\040\000d\000e\000\040\000s\000u\000s\000\040\000c\000o\000m\000p\000o\000n\000e\000n\000t\000e\000s\000\040\000[\000O\000B\000.\000O\000B\000.\000M\000E\000.\000C\000U\000]}{section.3}% 15
\BOOKMARK [3][-]{section*.13}{\376\377\000O\000b\000j\000e\000t\000o}{section*.12}% 16
\BOOKMARK [4][-]{section*.14}{\376\377\000O\000b\000j\000e\000t\000i\000v\000o}{section*.13}% 17
\BOOKMARK [4][-]{section*.15}{\376\377\000M\000e\000t\000a\000s}{section*.13}% 18
\BOOKMARK [4][-]{section*.16}{\376\377\000C\000u\000o\000t\000a\000s}{section*.13}% 19
\BOOKMARK [2][-]{section*.17}{\376\377\000G\000r\000a\000d\000a\000c\000i\000\363\000n\000\040\000d\000e\000\040\000f\000i\000n\000e\000s\000\040\000p\000a\000r\000a\000\040\000c\000o\000m\000p\000o\000n\000e\000n\000t\000e\000s\000\040\000[\000M\000I\000.\000F\000U\000.\000R\000E\000.\000T\000A\000]}{section.3}% 20
\BOOKMARK [3][-]{section*.18}{\376\377\000M\000i\000s\000i\000\363\000n}{section*.17}% 21
\BOOKMARK [4][-]{section*.19}{\376\377\000F\000u\000n\000c\000i\000o\000n\000e\000s}{section*.18}% 22
\BOOKMARK [4][-]{section*.20}{\376\377\000R\000e\000s\000p\000o\000n\000s\000a\000b\000i\000l\000i\000d\000a\000d\000e\000s}{section*.18}% 23
\BOOKMARK [4][-]{section*.21}{\376\377\000T\000a\000r\000e\000a\000s}{section*.18}% 24
\BOOKMARK [1][-]{section.4}{\376\377\000S\000i\000s\000t\000e\000m\000a\000s\000\040\000T\000o\000t\000a\000l\000e\000s\000\040\000[\000P\000I\000O\000C\000O\000]}{part.1}% 25
\BOOKMARK [2][-]{section*.22}{\376\377\000S\000i\000s\000t\000e\000m\000a\000\040\000d\000e\000\040\000P\000l\000a\000n\000i\000f\000i\000c\000a\000c\000i\000\363\000n\000\040\000[\000M\000E\000C\000I\000]}{section.4}% 26
\BOOKMARK [3][-]{section*.23}{\376\377\000M\000a\000x\000i\000m\000i\000z\000a\000d\000o\000r\000a}{section*.22}% 27
\BOOKMARK [4][-]{section*.24}{\376\377\000E\000q\000u\000i\000l\000i\000b\000r\000a\000d\000o\000r\000a}{section*.23}% 28
\BOOKMARK [4][-]{section*.25}{\376\377\000C\000o\000o\000r\000d\000i\000n\000a\000d\000o\000r\000a}{section*.23}% 29
\BOOKMARK [4][-]{section*.26}{\376\377\000I\000m\000p\000u\000l\000s\000o\000r\000a}{section*.23}% 30
\BOOKMARK [2][-]{section*.28}{\376\377\000S\000i\000s\000t\000e\000m\000a\000\040\000O\000r\000g\000a\000n\000i\000z\000a\000t\000i\000v\000o}{section.4}% 31
\BOOKMARK [2][-]{section*.29}{\376\377\000S\000i\000s\000t\000e\000m\000a\000\040\000d\000e\000\040\000C\000o\000n\000t\000r\000o\000l}{section.4}% 32
\BOOKMARK [2][-]{section*.30}{\376\377\000S\000i\000s\000t\000e\000m\000a\000\040\000O\000p\000e\000r\000a\000t\000i\000v\000o}{section.4}% 33
\BOOKMARK [1][-]{section.5}{\376\377\000S\000i\000s\000t\000e\000m\000a\000\040\000d\000e\000\040\000I\000n\000f\000o\000r\000m\000a\000c\000i\000\363\000n}{part.1}% 34
\BOOKMARK [2][-]{section*.31}{\376\377\000P\000i\000r\000\341\000m\000i\000d\000e\000\040\000d\000e\000\040\000I\000n\000f\000o\000r\000m\000a\000c\000i\000\363\000n}{section.5}% 35
\BOOKMARK [3][-]{section*.32}{\376\377\000I\000n\000f\000o\000r\000m\000a\000c\000i\000\363\000n\000\040\000N\000o\000r\000m\000a\000t\000i\000v\000a}{section*.31}% 36
\BOOKMARK [4][-]{section*.33}{\376\377\000I\000n\000f\000o\000r\000m\000a\000c\000i\000\363\000n\000\040\000I\000n\000t\000e\000r\000p\000r\000e\000t\000a\000t\000i\000v\000a}{section*.32}% 37
\BOOKMARK [1][-]{section.6}{\376\377\000S\000i\000s\000t\000e\000m\000a\000\040\000d\000e\000\040\000I\000n\000f\000o\000r\000m\000a\000c\000i\000\363\000n\000\040\000c\000o\000m\000o\000\040\000S\000i\000s\000t\000e\000m\000a\000t\000i\000z\000a\000c\000i\000\363\000n\000\040\000d\000e\000\040\000I\000n\000f\000o\000r\000m\000a\000c\000i\000\363\000n\000\040\000\050\0006\000\051}{part.1}% 38
\BOOKMARK [2][-]{section*.34}{\376\377\000[\000T\000P\000S\000]\000\040\000|\000\040\000S\000i\000s\000t\000e\000m\000a\000\040\000d\000e\000\040\000P\000r\000o\000c\000e\000s\000a\000m\000i\000e\000n\000t\000o\000\040\000d\000e\000\040\000T\000r\000a\000n\000s\000a\000c\000c\000i\000o\000n\000e\000s\000\040}{section.6}% 39
\BOOKMARK [2][-]{section*.35}{\376\377\000[\000B\000P\000M\000]\000\040\000|\000\040\000S\000i\000s\000t\000e\000m\000a\000\040\000d\000e\000\040\000C\000o\000n\000t\000r\000o\000l\000\040\000d\000e\000\040\000P\000r\000o\000c\000e\000s\000o\000\040\000d\000e\000\040\000N\000e\000g\000o\000c\000i\000o\000\040}{section.6}% 40
\BOOKMARK [2][-]{section*.36}{\376\377\000[\000E\000R\000P\000]\000\040\000|\000\040\000S\000i\000s\000t\000e\000m\000a\000\040\000d\000e\000\040\000C\000o\000l\000a\000b\000o\000r\000a\000c\000i\000\363\000n\000\040\000E\000m\000p\000r\000e\000s\000a\000r\000i\000a\000l\000\040}{section.6}% 41
\BOOKMARK [2][-]{section*.37}{\376\377\000[\000M\000I\000S\000]\000\040\000|\000\040\000S\000i\000s\000t\000e\000m\000a\000\040\000d\000e\000\040\000I\000n\000f\000o\000r\000m\000a\000c\000i\000\363\000n\000\040\000d\000e\000\040\000G\000e\000s\000t\000i\000\363\000n\000\040}{section.6}% 42
\BOOKMARK [2][-]{section*.38}{\376\377\000[\000D\000S\000S\000]\000\040\000|\000\040\000S\000i\000s\000t\000e\000m\000a\000\040\000d\000e\000\040\000I\000n\000f\000o\000r\000m\000a\000c\000i\000\363\000n\000\040\000d\000e\000\040\000A\000p\000o\000y\000o\000\040\000a\000\040\000l\000a\000\040\000T\000o\000m\000a\000\040\000d\000e\000\040\000D\000e\000c\000i\000s\000i\000o\000n\000e\000s\000\040}{section.6}% 43
\BOOKMARK [2][-]{section*.39}{\376\377\000[\000E\000I\000S\000]\000\040\000|\000\040\000S\000i\000s\000t\000e\000m\000a\000\040\000d\000e\000\040\000I\000n\000f\000o\000r\000m\000a\000c\000i\000\363\000n\000\040\000E\000j\000e\000c\000u\000t\000i\000v\000a\000\040}{section.6}% 44
\BOOKMARK [1][-]{section.7}{\376\377\000N\000i\000v\000e\000l\000e\000s\000\040\000J\000e\000r\000\341\000r\000q\000u\000i\000c\000o\000s\000\040\000d\000e\000\040\000l\000a\000\040\000I\000n\000f\000o\000r\000m\000a\000c\000i\000\363\000n}{part.1}% 45
\BOOKMARK [1][-]{section.8}{\376\377\000T\000i\000p\000o\000s\000\040\000d\000e\000\040\000I\000n\000f\000o\000r\000m\000a\000c\000i\000\363\000n\000\040\000[\000N\000O\000R\000\040\000P\000L\000A\000\040\000R\000E\000L\000\040\000O\000P\000E\000R\000\040\000C\000y\000G\000\040\000I\000I\000]}{part.1}% 46
\BOOKMARK [0][-]{part.2}{\376\377\000I\000I\000\040\000C\000a\000l\000i\000d\000a\000d\000\040\000[\000Q\000]}{}% 47
\BOOKMARK [1][-]{section.9}{\376\377\000C\000a\000l\000i\000d\000a\000d\000\040\000[\000Q\000]}{part.2}% 48
\BOOKMARK [2][-]{section*.47}{\376\377\000A\000d\000e\000c\000u\000a\000c\000i\000\363\000n\000\040\000F\000u\000n\000c\000i\000o\000n\000a\000l\000\040\000[\000A\000F\000]}{section.9}% 49
\BOOKMARK [3][-]{section*.48}{\376\377\000C\000o\000m\000p\000l\000e\000t\000i\000t\000u\000d}{section*.47}% 50
\BOOKMARK [4][-]{section*.49}{\376\377\000C\000o\000r\000r\000e\000c\000c\000i\000\363\000n}{section*.48}% 51
\BOOKMARK [4][-]{section*.50}{\376\377\000P\000e\000r\000t\000i\000n\000e\000n\000c\000i\000a}{section*.48}% 52
\BOOKMARK [2][-]{section*.51}{\376\377\000E\000f\000i\000c\000i\000e\000n\000c\000i\000a\000\040\000d\000e\000\040\000D\000e\000s\000e\000m\000p\000e\000\361\000o\000\040\000[\000E\000D\000]}{section.9}% 53
\BOOKMARK [3][-]{section*.52}{\376\377\000C\000a\000p\000a\000c\000i\000d\000a\000d}{section*.51}% 54
\BOOKMARK [2][-]{section*.53}{\376\377\000U\000s\000a\000b\000i\000l\000i\000d\000a\000d\000\040\000[\000U\000]}{section.9}% 55
\BOOKMARK [3][-]{section*.54}{\376\377\000A\000c\000c\000e\000s\000i\000b\000i\000l\000i\000d\000a\000d}{section*.53}% 56
\BOOKMARK [4][-]{section*.55}{\376\377\000A\000p\000r\000e\000n\000d\000i\000z\000a\000b\000i\000l\000i\000d\000a\000d}{section*.54}% 57
\BOOKMARK [4][-]{section*.56}{\376\377\000E\000s\000t\000\351\000t\000i\000c\000a}{section*.54}% 58
\BOOKMARK [2][-]{section*.57}{\376\377\000C\000o\000m\000p\000a\000t\000i\000b\000i\000l\000i\000d\000a\000d\000\040\000[\000C\000]}{section.9}% 59
\BOOKMARK [3][-]{section*.58}{\376\377\000C\000o\000e\000x\000i\000s\000t\000e\000n\000c\000i\000a}{section*.57}% 60
\BOOKMARK [4][-]{section*.59}{\376\377\000I\000n\000t\000e\000r\000c\000a\000m\000b\000i\000o\000s\000\040\000d\000e\000\040\000I\000n\000f\000o\000r\000m\000a\000c\000i\000\363\000n}{section*.58}% 61
\BOOKMARK [2][-]{section*.60}{\376\377\000P\000o\000r\000t\000a\000b\000i\000l\000i\000d\000a\000d\000\040\000[\000P\000O\000R\000]}{section.9}% 62
\BOOKMARK [3][-]{section*.61}{\376\377\000A\000d\000a\000p\000t\000a\000b\000i\000l\000i\000d\000a\000d}{section*.60}% 63
\BOOKMARK [2][-]{section*.62}{\376\377\000M\000a\000n\000t\000e\000n\000i\000b\000i\000l\000i\000d\000a\000d\000\040\000[\000M\000A\000N\000]}{section.9}% 64
\BOOKMARK [3][-]{section*.63}{\376\377\000M\000o\000d\000u\000l\000a\000r\000i\000d\000a\000d}{section*.62}% 65
\BOOKMARK [4][-]{section*.64}{\376\377\000A\000n\000a\000l\000i\000z\000a\000b\000i\000l\000i\000d\000a\000d}{section*.63}% 66
\BOOKMARK [4][-]{section*.65}{\376\377\000C\000a\000p\000a\000c\000i\000d\000a\000d\000\040\000d\000e\000\040\000S\000e\000r\000\040\000M\000o\000d\000i\000f\000i\000c\000a\000d\000o}{section*.63}% 67
\BOOKMARK [4][-]{section*.66}{\376\377\000C\000a\000p\000a\000c\000i\000d\000a\000d\000\040\000d\000e\000\040\000S\000e\000r\000\040\000P\000r\000o\000b\000a\000d\000o}{section*.63}% 68
\BOOKMARK [2][-]{section*.67}{\376\377\000F\000i\000a\000b\000i\000l\000i\000d\000a\000d\000\040\000[\000F\000I\000A\000]}{section.9}% 69
\BOOKMARK [2][-]{section*.68}{\376\377\000S\000e\000g\000u\000r\000i\000d\000a\000d\000\040\000[\000S\000E\000]}{section.9}% 70
\BOOKMARK [3][-]{section*.69}{\376\377\000C\000o\000n\000f\000i\000d\000e\000n\000c\000i\000a\000l\000i\000d\000a\000d}{section*.68}% 71
\BOOKMARK [4][-]{section*.70}{\376\377\000P\000r\000e\000v\000e\000n\000i\000r\000\040\000a\000c\000c\000e\000s\000o\000s\000\040\000s\000i\000n\000\040\000a\000u\000t\000o\000r\000i\000z\000a\000c\000i\000\363\000n}{section*.69}% 72
\BOOKMARK [4][-]{section*.71}{\376\377\000R\000e\000g\000i\000s\000t\000r\000o\000s\000:\000\040\000P\000e\000n\000s\000a\000r\000\040\000e\000n\000\040\000l\000a\000\040\000h\000u\000e\000l\000l\000a}{section*.69}% 73
\BOOKMARK [4][-]{section*.72}{\376\377\000C\000a\000p\000a\000c\000i\000d\000a\000d\000\040\000d\000e\000\040\000n\000o\000\040\000r\000e\000p\000u\000d\000i\000o}{section*.69}% 74
\BOOKMARK [2][-]{section*.73}{\376\377\000C\000i\000e\000r\000r\000e\000\040\000d\000e\000\040\000C\000a\000l\000i\000d\000a\000d\000\040\000[\000Q\000]}{section.9}% 75
\BOOKMARK [0][-]{part.3}{\376\377\000I\000I\000I\000\040\000G\000e\000s\000t\000i\000\363\000n\000\040\000d\000e\000\040\000C\000o\000n\000o\000c\000i\000m\000i\000e\000n\000t\000o}{}% 76
\BOOKMARK [1][-]{section*.75}{\376\377\0001\000.\000\040\000C\000o\000n\000o\000c\000i\000m\000i\000e\000n\000t\000o\000\040\000E\000x\000p\000l\000\355\000c\000i\000t\000o}{part.3}% 77
\BOOKMARK [2][-]{section*.76}{\376\377\0002\000.\000\040\000C\000o\000n\000o\000c\000i\000m\000i\000e\000n\000t\000o\000\040\000I\000m\000p\000l\000\355\000c\000i\000t\000o}{section*.75}% 78
\BOOKMARK [2][-]{section*.77}{\376\377\000D\000e\000s\000a\000f\000\355\000o\000\040\000d\000e\000s\000d\000e\000\040\000l\000a\000\040\000P\000e\000r\000s\000p\000e\000c\000t\000i\000v\000a\000\040\000d\000e\000\040\000S\000i\000s\000t\000e\000m\000a\000s}{section*.75}% 79
