This is pdfTeX, Version 3.141592653-2.6-1.40.22 (TeX Live 2022/dev/Debian) (preloaded format=pdflatex 2024.3.1)  10 MAR 2024 12:57
entering extended mode
 restricted \write18 enabled.
 %&-line parsing enabled.
**materia-Sistemas-de-Informacion.tex
(./materia-Sistemas-de-Informacion.tex
LaTeX2e <2021-11-15> patch level 1
L3 programming layer <2022-01-21>
(/usr/share/texlive/texmf-dist/tex/latex/base/article.cls
Document Class: article 2021/10/04 v1.4n Standard LaTeX document class
(/usr/share/texlive/texmf-dist/tex/latex/base/size10.clo
File: size10.clo 2021/10/04 v1.4n Standard LaTeX file (size option)
)
\c@part=\count185
\c@section=\count186
\c@subsection=\count187
\c@subsubsection=\count188
\c@paragraph=\count189
\c@subparagraph=\count190
\c@figure=\count191
\c@table=\count192
\abovecaptionskip=\skip47
\belowcaptionskip=\skip48
\bibindent=\dimen138
) (./code.tex
(/usr/share/texlive/texmf-dist/tex/latex/psnfss/charter.sty
Package: charter 2020/03/25 PSNFSS-v9.3 (P.Dyballa) 
)
(/usr/share/texlive/texmf-dist/tex/latex/amsmath/amsmath.sty
Package: amsmath 2021/10/15 v2.17l AMS math features
\@mathmargin=\skip49

For additional information on amsmath, use the `?' option.
(/usr/share/texlive/texmf-dist/tex/latex/amsmath/amstext.sty
Package: amstext 2021/08/26 v2.01 AMS text

(/usr/share/texlive/texmf-dist/tex/latex/amsmath/amsgen.sty
File: amsgen.sty 1999/11/30 v2.0 generic functions
\@emptytoks=\toks16
\ex@=\dimen139
))
(/usr/share/texlive/texmf-dist/tex/latex/amsmath/amsbsy.sty
Package: amsbsy 1999/11/29 v1.2d Bold Symbols
\pmbraise@=\dimen140
)
(/usr/share/texlive/texmf-dist/tex/latex/amsmath/amsopn.sty
Package: amsopn 2021/08/26 v2.02 operator names
)
\inf@bad=\count193
LaTeX Info: Redefining \frac on input line 234.
\uproot@=\count194
\leftroot@=\count195
LaTeX Info: Redefining \overline on input line 399.
\classnum@=\count196
\DOTSCASE@=\count197
LaTeX Info: Redefining \ldots on input line 496.
LaTeX Info: Redefining \dots on input line 499.
LaTeX Info: Redefining \cdots on input line 620.
\Mathstrutbox@=\box50
\strutbox@=\box51
\big@size=\dimen141
LaTeX Font Info:    Redeclaring font encoding OML on input line 743.
LaTeX Font Info:    Redeclaring font encoding OMS on input line 744.
\macc@depth=\count198
\c@MaxMatrixCols=\count199
\dotsspace@=\muskip16
\c@parentequation=\count266
\dspbrk@lvl=\count267
\tag@help=\toks17
\row@=\count268
\column@=\count269
\maxfields@=\count270
\andhelp@=\toks18
\eqnshift@=\dimen142
\alignsep@=\dimen143
\tagshift@=\dimen144
\tagwidth@=\dimen145
\totwidth@=\dimen146
\lineht@=\dimen147
\@envbody=\toks19
\multlinegap=\skip50
\multlinetaggap=\skip51
\mathdisplay@stack=\toks20
LaTeX Info: Redefining \[ on input line 2938.
LaTeX Info: Redefining \] on input line 2939.
)
(/usr/share/texlive/texmf-dist/tex/latex/hyperref/hyperref.sty
Package: hyperref 2021-06-07 v7.00m Hypertext links for LaTeX

(/usr/share/texlive/texmf-dist/tex/generic/ltxcmds/ltxcmds.sty
Package: ltxcmds 2020-05-10 v1.25 LaTeX kernel commands for general use (HO)
)
(/usr/share/texlive/texmf-dist/tex/generic/iftex/iftex.sty
Package: iftex 2020/03/06 v1.0d TeX engine tests
)
(/usr/share/texlive/texmf-dist/tex/generic/pdftexcmds/pdftexcmds.sty
Package: pdftexcmds 2020-06-27 v0.33 Utility functions of pdfTeX for LuaTeX (HO
)

(/usr/share/texlive/texmf-dist/tex/generic/infwarerr/infwarerr.sty
Package: infwarerr 2019/12/03 v1.5 Providing info/warning/error messages (HO)
)
Package pdftexcmds Info: \pdf@primitive is available.
Package pdftexcmds Info: \pdf@ifprimitive is available.
Package pdftexcmds Info: \pdfdraftmode found.
)
(/usr/share/texlive/texmf-dist/tex/latex/graphics/keyval.sty
Package: keyval 2014/10/28 v1.15 key=value parser (DPC)
\KV@toks@=\toks21
)
(/usr/share/texlive/texmf-dist/tex/generic/kvsetkeys/kvsetkeys.sty
Package: kvsetkeys 2019/12/15 v1.18 Key value parser (HO)
)
(/usr/share/texlive/texmf-dist/tex/generic/kvdefinekeys/kvdefinekeys.sty
Package: kvdefinekeys 2019-12-19 v1.6 Define keys (HO)
)
(/usr/share/texlive/texmf-dist/tex/generic/pdfescape/pdfescape.sty
Package: pdfescape 2019/12/09 v1.15 Implements pdfTeX's escape features (HO)
)
(/usr/share/texlive/texmf-dist/tex/latex/hycolor/hycolor.sty
Package: hycolor 2020-01-27 v1.10 Color options for hyperref/bookmark (HO)
)
(/usr/share/texlive/texmf-dist/tex/latex/letltxmacro/letltxmacro.sty
Package: letltxmacro 2019/12/03 v1.6 Let assignment for LaTeX macros (HO)
)
(/usr/share/texlive/texmf-dist/tex/latex/auxhook/auxhook.sty
Package: auxhook 2019-12-17 v1.6 Hooks for auxiliary files (HO)
)
(/usr/share/texlive/texmf-dist/tex/latex/kvoptions/kvoptions.sty
Package: kvoptions 2020-10-07 v3.14 Key value format for package options (HO)
)
\@linkdim=\dimen148
\Hy@linkcounter=\count271
\Hy@pagecounter=\count272

(/usr/share/texlive/texmf-dist/tex/latex/hyperref/pd1enc.def
File: pd1enc.def 2021-06-07 v7.00m Hyperref: PDFDocEncoding definition (HO)
Now handling font encoding PD1 ...
... no UTF-8 mapping file for font encoding PD1
)
(/usr/share/texlive/texmf-dist/tex/latex/hyperref/hyperref-langpatches.def
File: hyperref-langpatches.def 2021-06-07 v7.00m Hyperref: patches for babel la
nguages
)
(/usr/share/texlive/texmf-dist/tex/generic/intcalc/intcalc.sty
Package: intcalc 2019/12/15 v1.3 Expandable calculations with integers (HO)
)
(/usr/share/texlive/texmf-dist/tex/generic/etexcmds/etexcmds.sty
Package: etexcmds 2019/12/15 v1.7 Avoid name clashes with e-TeX commands (HO)
)
\Hy@SavedSpaceFactor=\count273

(/usr/share/texlive/texmf-dist/tex/latex/hyperref/puenc.def
File: puenc.def 2021-06-07 v7.00m Hyperref: PDF Unicode definition (HO)
Now handling font encoding PU ...
... no UTF-8 mapping file for font encoding PU
)
Package hyperref Info: Hyper figures OFF on input line 4192.
Package hyperref Info: Link nesting OFF on input line 4197.
Package hyperref Info: Hyper index ON on input line 4200.
Package hyperref Info: Plain pages OFF on input line 4207.
Package hyperref Info: Backreferencing OFF on input line 4212.
Package hyperref Info: Implicit mode ON; LaTeX internals redefined.
Package hyperref Info: Bookmarks ON on input line 4445.
\c@Hy@tempcnt=\count274

(/usr/share/texlive/texmf-dist/tex/latex/url/url.sty
\Urlmuskip=\muskip17
Package: url 2013/09/16  ver 3.4  Verb mode for urls, etc.
)
LaTeX Info: Redefining \url on input line 4804.
\XeTeXLinkMargin=\dimen149

(/usr/share/texlive/texmf-dist/tex/generic/bitset/bitset.sty
Package: bitset 2019/12/09 v1.3 Handle bit-vector datatype (HO)

(/usr/share/texlive/texmf-dist/tex/generic/bigintcalc/bigintcalc.sty
Package: bigintcalc 2019/12/15 v1.5 Expandable calculations on big integers (HO
)
))
\Fld@menulength=\count275
\Field@Width=\dimen150
\Fld@charsize=\dimen151
Package hyperref Info: Hyper figures OFF on input line 6076.
Package hyperref Info: Link nesting OFF on input line 6081.
Package hyperref Info: Hyper index ON on input line 6084.
Package hyperref Info: backreferencing OFF on input line 6091.
Package hyperref Info: Link coloring OFF on input line 6096.
Package hyperref Info: Link coloring with OCG OFF on input line 6101.
Package hyperref Info: PDF/A mode OFF on input line 6106.
LaTeX Info: Redefining \ref on input line 6146.
LaTeX Info: Redefining \pageref on input line 6150.

(/usr/share/texlive/texmf-dist/tex/latex/base/atbegshi-ltx.sty
Package: atbegshi-ltx 2021/01/10 v1.0c Emulation of the original atbegshi
package with kernel methods
)
\Hy@abspage=\count276
\c@Item=\count277
\c@Hfootnote=\count278
)
Package hyperref Info: Driver (autodetected): hpdftex.

(/usr/share/texlive/texmf-dist/tex/latex/hyperref/hpdftex.def
File: hpdftex.def 2021-06-07 v7.00m Hyperref driver for pdfTeX

(/usr/share/texlive/texmf-dist/tex/latex/base/atveryend-ltx.sty
Package: atveryend-ltx 2020/08/19 v1.0a Emulation of the original atveryend pac
kage
with kernel methods
)
\Fld@listcount=\count279
\c@bookmark@seq@number=\count280

(/usr/share/texlive/texmf-dist/tex/latex/rerunfilecheck/rerunfilecheck.sty
Package: rerunfilecheck 2019/12/05 v1.9 Rerun checks for auxiliary files (HO)

(/usr/share/texlive/texmf-dist/tex/generic/uniquecounter/uniquecounter.sty
Package: uniquecounter 2019/12/15 v1.4 Provide unlimited unique counter (HO)
)
Package uniquecounter Info: New unique counter `rerunfilecheck' on input line 2
86.
)
\Hy@SectionHShift=\skip52
)
Package hyperref Info: Option `colorlinks' set `false' on input line 8.

(/usr/share/texlive/texmf-dist/tex/latex/base/fontenc.sty
Package: fontenc 2021/04/29 v2.0v Standard LaTeX package
LaTeX Font Info:    Trying to load font information for T1+bch on input line 11
2.

(/usr/share/texlive/texmf-dist/tex/latex/psnfss/t1bch.fd
File: t1bch.fd 2004/10/18 font definitions for T1/bch.
))
(/usr/share/texlive/texmf-dist/tex/generic/babel/babel.sty
Package: babel 2022/01/26 3.70 The Babel package
\babel@savecnt=\count281
\U@D=\dimen152
\l@unhyphenated=\language3

(/usr/share/texlive/texmf-dist/tex/generic/babel/txtbabel.def)
\bbl@readstream=\read2
\bbl@dirlevel=\count282


! Package babel Error: Unknown option 'spanish'. Either you misspelled it
(babel)                or the language definition file spanish.ldf was not foun
d.

See the babel package documentation for explanation.
Type  H <return>  for immediate help.
 ...                                              
                                                  
l.4254 \ProcessOptions*
                       
Valid options are, among others: shorthands=, KeepShorthandsActive,
activeacute, activegrave, noconfigs, safe=, main=, math=
headfoot=, strings=, config=, hyphenmap=, or a language name.

Package babel Info: You haven't specified a language. I'll use 'nil'
(babel)             as the main language. Reported on input line 4299.
(/usr/share/texlive/texmf-dist/tex/generic/babel/nil.ldf
Language: nil 2022/01/26 3.70 Nil language
\l@nil=\language4
))
(/usr/share/texlive/texmf-dist/tex/latex/base/inputenc.sty
Package: inputenc 2021/02/14 v1.3d Input encoding file
\inpenc@prehook=\toks22
\inpenc@posthook=\toks23
)
(/usr/share/texlive/texmf-dist/tex/latex/titlesec/titlesec.sty
Package: titlesec 2021/07/05 v2.14 Sectioning titles
\ttl@box=\box52
\beforetitleunit=\skip53
\aftertitleunit=\skip54
\ttl@plus=\dimen153
\ttl@minus=\dimen154
\ttl@toksa=\toks24
\titlewidth=\dimen155
\titlewidthlast=\dimen156
\titlewidthfirst=\dimen157
)
(/usr/share/texlive/texmf-dist/tex/latex/geometry/geometry.sty
Package: geometry 2020/01/02 v5.9 Page Geometry

(/usr/share/texlive/texmf-dist/tex/generic/iftex/ifvtex.sty
Package: ifvtex 2019/10/25 v1.7 ifvtex legacy package. Use iftex instead.
)
\Gm@cnth=\count283
\Gm@cntv=\count284
\c@Gm@tempcnt=\count285
\Gm@bindingoffset=\dimen158
\Gm@wd@mp=\dimen159
\Gm@odd@mp=\dimen160
\Gm@even@mp=\dimen161
\Gm@layoutwidth=\dimen162
\Gm@layoutheight=\dimen163
\Gm@layouthoffset=\dimen164
\Gm@layoutvoffset=\dimen165
\Gm@dimlist=\toks25
)
(/usr/share/texlive/texmf-dist/tex/latex/graphics/graphicx.sty
Package: graphicx 2021/09/16 v1.2d Enhanced LaTeX Graphics (DPC,SPQR)

(/usr/share/texlive/texmf-dist/tex/latex/graphics/graphics.sty
Package: graphics 2021/03/04 v1.4d Standard LaTeX Graphics (DPC,SPQR)

(/usr/share/texlive/texmf-dist/tex/latex/graphics/trig.sty
Package: trig 2021/08/11 v1.11 sin cos tan (DPC)
)
(/usr/share/texlive/texmf-dist/tex/latex/graphics-cfg/graphics.cfg
File: graphics.cfg 2016/06/04 v1.11 sample graphics configuration
)
Package graphics Info: Driver file: pdftex.def on input line 107.

(/usr/share/texlive/texmf-dist/tex/latex/graphics-def/pdftex.def
File: pdftex.def 2020/10/05 v1.2a Graphics/color driver for pdftex
))
\Gin@req@height=\dimen166
\Gin@req@width=\dimen167
)
(/usr/share/texlive/texmf-dist/tex/latex/fancyhdr/fancyhdr.sty
Package: fancyhdr 2021/01/28 v4.0.1 Extensive control of page headers and foote
rs
\f@nch@headwidth=\skip55
\f@nch@O@elh=\skip56
\f@nch@O@erh=\skip57
\f@nch@O@olh=\skip58
\f@nch@O@orh=\skip59
\f@nch@O@elf=\skip60
\f@nch@O@erf=\skip61
\f@nch@O@olf=\skip62
\f@nch@O@orf=\skip63
)
(/usr/share/texlive/texmf-dist/tex/latex/l3backend/l3backend-pdftex.def
File: l3backend-pdftex.def 2022-01-12 L3 backend support: PDF output (pdfTeX)
\l__color_backend_stack_int=\count286
\l__pdf_internal_box=\box53
)
(./materia-Sistemas-de-Informacion.aux)
\openout1 = `materia-Sistemas-de-Informacion.aux'.

LaTeX Font Info:    Checking defaults for OML/cmm/m/it on input line 62.
LaTeX Font Info:    ... okay on input line 62.
LaTeX Font Info:    Checking defaults for OMS/cmsy/m/n on input line 62.
LaTeX Font Info:    ... okay on input line 62.
LaTeX Font Info:    Checking defaults for OT1/cmr/m/n on input line 62.
LaTeX Font Info:    ... okay on input line 62.
LaTeX Font Info:    Checking defaults for T1/cmr/m/n on input line 62.
LaTeX Font Info:    ... okay on input line 62.
LaTeX Font Info:    Checking defaults for TS1/cmr/m/n on input line 62.
LaTeX Font Info:    ... okay on input line 62.
LaTeX Font Info:    Checking defaults for OMX/cmex/m/n on input line 62.
LaTeX Font Info:    ... okay on input line 62.
LaTeX Font Info:    Checking defaults for U/cmr/m/n on input line 62.
LaTeX Font Info:    ... okay on input line 62.
LaTeX Font Info:    Checking defaults for PD1/pdf/m/n on input line 62.
LaTeX Font Info:    ... okay on input line 62.
LaTeX Font Info:    Checking defaults for PU/pdf/m/n on input line 62.
LaTeX Font Info:    ... okay on input line 62.
Package hyperref Info: Link coloring OFF on input line 62.

(/usr/share/texlive/texmf-dist/tex/latex/hyperref/nameref.sty
Package: nameref 2021-04-02 v2.47 Cross-referencing by name of section

(/usr/share/texlive/texmf-dist/tex/latex/refcount/refcount.sty
Package: refcount 2019/12/15 v3.6 Data extraction from label references (HO)
)
(/usr/share/texlive/texmf-dist/tex/generic/gettitlestring/gettitlestring.sty
Package: gettitlestring 2019/12/15 v1.6 Cleanup title references (HO)
)
\c@section@level=\count287
)
LaTeX Info: Redefining \ref on input line 62.
LaTeX Info: Redefining \pageref on input line 62.
LaTeX Info: Redefining \nameref on input line 62.

(./materia-Sistemas-de-Informacion.out) (./materia-Sistemas-de-Informacion.out)
\@outlinefile=\write3
\openout3 = `materia-Sistemas-de-Informacion.out'.

*geometry* driver: auto-detecting
*geometry* detected driver: pdftex
*geometry* verbose mode - [ preamble ] result:
* driver: pdftex
* paper: a4paper
* layout: <same size as paper>
* layoutoffset:(h,v)=(0.0pt,0.0pt)
* modes: 
* h-part:(L,W,R)=(36.135pt, 525.23788pt, 36.135pt)
* v-part:(T,H,B)=(72.26999pt, 700.50687pt, 72.26999pt)
* \paperwidth=597.50787pt
* \paperheight=845.04684pt
* \textwidth=525.23788pt
* \textheight=700.50687pt
* \oddsidemargin=-36.135pt
* \evensidemargin=-36.135pt
* \topmargin=-37.0pt
* \headheight=12.0pt
* \headsep=25.0pt
* \topskip=10.0pt
* \footskip=30.0pt
* \marginparwidth=65.0pt
* \marginparsep=11.0pt
* \columnsep=20.0pt
* \skip\footins=9.0pt plus 4.0pt minus 2.0pt
* \hoffset=0.0pt
* \voffset=0.0pt
* \mag=1000
* \@twocolumnfalse
* \@twosidefalse
* \@mparswitchfalse
* \@reversemarginfalse
* (1in=72.27pt=25.4mm, 1cm=28.453pt)

(/usr/share/texlive/texmf-dist/tex/context/base/mkii/supp-pdf.mkii
[Loading MPS to PDF converter (version 2006.09.02).]
\scratchcounter=\count288
\scratchdimen=\dimen168
\scratchbox=\box54
\nofMPsegments=\count289
\nofMParguments=\count290
\everyMPshowfont=\toks26
\MPscratchCnt=\count291
\MPscratchDim=\dimen169
\MPnumerator=\count292
\makeMPintoPDFobject=\count293
\everyMPtoPDFconversion=\toks27
) (/usr/share/texlive/texmf-dist/tex/latex/epstopdf-pkg/epstopdf-base.sty
Package: epstopdf-base 2020-01-24 v2.11 Base part for package epstopdf
Package epstopdf-base Info: Redefining graphics rule for `.eps' on input line 4
85.

(/usr/share/texlive/texmf-dist/tex/latex/latexconfig/epstopdf-sys.cfg
File: epstopdf-sys.cfg 2010/07/13 v1.3 Configuration of (r)epstopdf for TeX Liv
e
)))
(./materia-nombre-carrera.tex) (./materia-Sistemas-de-Informacion.toc [1

{/var/lib/texmf/fonts/map/pdftex/updmap/pdftex.map}] [2])
\tf@toc=\write4
\openout4 = `materia-Sistemas-de-Informacion.toc'.

 [3] (./SI-2024-01.tex
[4

]
LaTeX Font Info:    Trying to load font information for TS1+bch on input line 9
.
 (/usr/share/texlive/texmf-dist/tex/latex/psnfss/ts1bch.fd
File: ts1bch.fd 2004/10/18 font definitions for TS1/bch.
)
Overfull \hbox (15.00462pt too wide) in paragraph at lines 14--15
[]\T1/bch/m/n/10 Tiene que haber cohesión e integración, sin islas aisladas 
 []


Package hyperref Warning: Difference (2) between bookmark levels is greater 
(hyperref)                than one, level fixed on input line 22.


Package hyperref Warning: The anchor of a bookmark and its parent's must not
(hyperref)                be the same. Added a new anchor on input line 22.


Overfull \hbox (10.31456pt too wide) in paragraph at lines 23--25
\T1/bch/m/n/10 de recursos, sin malgastarlos al cumplir objetivos del sistema. 

 []


Overfull \hbox (16.84058pt too wide) in paragraph at lines 28--30
\T1/bch/m/n/10 Capacidad del sistema de ser flexible ante el entorno dinámico. 

 []


Overfull \hbox (0.24461pt too wide) in paragraph at lines 33--35
\T1/bch/m/n/10 Ante los embates del entorno, se debe mantener la eficacia. 
 []


Package hyperref Warning: Difference (2) between bookmark levels is greater 
(hyperref)                than one, level fixed on input line 47.


Package hyperref Warning: The anchor of a bookmark and its parent's must not
(hyperref)                be the same. Added a new anchor on input line 47.


Overfull \hbox (48.88116pt too wide) in paragraph at lines 56--57
\T1/bch/m/n/10 de otro sistema. Debe haber relacionamiento, e inter relacionami
ento:
 []


Overfull \hbox (37.81729pt too wide) in paragraph at lines 78--80
[]\T1/bch/b/n/10 Motivo Instrumental. \T1/bch/m/n/10 Trabajar con sistemas da h
erramientas
 []

[5

]
Overfull \hbox (15.26459pt too wide) in paragraph at lines 102--105
\T1/bch/m/n/10 organización, y lo mismo se puede hacer con los componentes.
 []


Package hyperref Warning: The anchor of a bookmark and its parent's must not
(hyperref)                be the same. Added a new anchor on input line 137.


Overfull \hbox (14.95058pt too wide) in paragraph at lines 152--156
\T1/bch/m/n/10 cuenta información objetiva (como estadísticas de conductas),
 []


Overfull \hbox (6.90738pt too wide) in paragraph at lines 159--161
[]\T1/bch/b/n/10 Maximizadora. \T1/bch/m/n/10 Se pretende maximizar los benefic
ios,
 []


Overfull \hbox (2.59467pt too wide) in paragraph at lines 165--173
\T1/bch/m/n/10 llegar al objetivo, de manera coordinar entre las áreas
 []


Overfull \hbox (0.54735pt too wide) in paragraph at lines 173--176
[]\T1/bch/b/n/10 Impulsora. \T1/bch/m/n/10 Se potencian los resultados de las p
artes,
 []


Overfull \hbox (3.30528pt too wide) in paragraph at lines 178--181
\T1/bch/m/n/10 las fortalezas, amenazas, compete a planificación. Es bueno
 []


Overfull \hbox (9.0346pt too wide) in paragraph at lines 185--192
\T1/bch/m/n/10 punto temas de especialización, asegurando que las personas
 []


Overfull \hbox (9.08057pt too wide) in paragraph at lines 185--192
\T1/bch/m/n/10 especializadas se asignen al área en que están especializadas.
 []


Overfull \hbox (9.00063pt too wide) in paragraph at lines 196--201
\T1/bch/m/n/10 Acá está la comparación permanente entre lo que se planificó
 []


Overfull \hbox (11.97258pt too wide) in paragraph at lines 196--201
\T1/bch/m/n/10 desvíos de tiempo, de recursos, de personas, de rendimientos.
 []


Overfull \hbox (35.03723pt too wide) in paragraph at lines 196--201
\T1/bch/m/n/10 en movimiento lo que se pautó desde la planificación. Planificac
ión
 []

[6]
Overfull \hbox (11.35457pt too wide) in paragraph at lines 207--212
[]\T1/bch/m/n/10 El modelo anglosajón además de detectar los desvíos, acciona
 []


Overfull \hbox (10.6973pt too wide) in paragraph at lines 207--212
\T1/bch/m/n/10 donde la ejecución se adeqúe al plan. Un control sin feedback
 []


Overfull \hbox (11.33455pt too wide) in paragraph at lines 216--222
\T1/bch/m/n/10 las actividades diarias de la empresa, es decir las operaciones.

 []


Overfull \hbox (2.91063pt too wide) in paragraph at lines 216--222
\T1/bch/m/n/10 El sistema operativo es un sistema que diagrama el analista,
 []


Overfull \hbox (2.79129pt too wide) in paragraph at lines 216--222
\T1/bch/m/n/10 actividad de la empresa, la actividad cotidiana. Por ejemplo
 []


Overfull \hbox (5.82726pt too wide) in paragraph at lines 223--227
\T1/bch/m/n/10 tenemos 2 opciones. Usar modelos ya existentes y probados,
 []


Overfull \hbox (21.5606pt too wide) in paragraph at lines 231--235
\T1/bch/m/n/10 PIOCO, ahora ponemos lupa dentro de sistemas de información,
 []


Overfull \hbox (0.80063pt too wide) in paragraph at lines 231--235
\T1/bch/m/n/10 y vamos a ver qué tipos de sistemas de información existen. 
 []


Package hyperref Warning: The anchor of a bookmark and its parent's must not
(hyperref)                be the same. Added a new anchor on input line 238.


Overfull \hbox (3.57129pt too wide) in paragraph at lines 240--243
\T1/bch/m/n/10 noción general. Desde la idea de pirámide, hay información
 []


Overfull \hbox (20.14006pt too wide) in paragraph at lines 244--248
[]\T1/bch/m/n/10 A la información que baja la vamos a llamar \T1/bch/m/it/10 de
terminativa
 []


Overfull \hbox (1.87868pt too wide) in paragraph at lines 244--248
\T1/bch/m/n/10 ó \T1/bch/m/it/10 normativa\T1/bch/m/n/10 , que baja directrices
, condicionamientos,
 []


Overfull \hbox (23.81006pt too wide) in paragraph at lines 248--255
[]\T1/bch/m/n/10 A la información que sube la vamos a llamar \T1/bch/m/it/10 in
terpretativa\T1/bch/m/n/10 ,
 []


Overfull \hbox (16.98059pt too wide) in paragraph at lines 248--255
\T1/bch/m/n/10 estas informaciones que suben para visibilizar los desvíos
 []


Overfull \hbox (0.94469pt too wide) in paragraph at lines 248--255
\T1/bch/m/n/10 para que se tomen decisiones de gestión, de gerencia,
 []


Overfull \hbox (21.85136pt too wide) in paragraph at lines 248--255
\T1/bch/m/n/10 y ejecutivos. Puede subir hasta muy arriba, o simplemente
 []


Package hyperref Warning: The anchor of a bookmark and its parent's must not
(hyperref)                be the same. Added a new anchor on input line 265.


Overfull \hbox (9.77455pt too wide) in paragraph at lines 280--290
\T1/bch/m/n/10 Este sistema se enfoca en procesos específicos, no en muchos,
 []


Overfull \hbox (10.1686pt too wide) in paragraph at lines 280--290
\T1/bch/m/n/10 valores objetivos, como temperatura, o componentes adentro
 []


Overfull \hbox (9.30725pt too wide) in paragraph at lines 280--290
\T1/bch/m/n/10 aceptables. Estas condiciones puede darse por una definición
 []


Overfull \hbox (9.30457pt too wide) in paragraph at lines 280--290
\T1/bch/m/n/10 algún otro condicionamiento, dentro ciertos valores mínimos
 []


Overfull \hbox (3.22462pt too wide) in paragraph at lines 295--304
\T1/bch/m/n/10 Este sistema no pertenece a un nivel, sino que es transversal
 []


Overfull \hbox (8.63722pt too wide) in paragraph at lines 295--304
\T1/bch/m/n/10 ejecutivos hasta los niveles operativos. Entonces este sistema
 []

[7]
Overfull \hbox (6.46054pt too wide) in paragraph at lines 309--312
\T1/bch/m/n/10 tomar decisiones sobre la gestión operacional de la empresa. 
 []


Overfull \hbox (0.60062pt too wide) in paragraph at lines 313--318
\T1/bch/m/n/10 que va a sacar la información del sistema de procesamiento
 []


Overfull \hbox (8.84859pt too wide) in paragraph at lines 313--318
\T1/bch/m/n/10 de transacciones, y en base a esta información, estos outputs,
 []


Overfull \hbox (14.33734pt too wide) in paragraph at lines 323--327
\T1/bch/m/n/10 gerente? Se acude cuando hay un escenario de incertidumbre.
 []


Overfull \hbox (1.5946pt too wide) in paragraph at lines 332--338
\T1/bch/m/n/10 a tomar decisiones en cualquier contexto, sino en contextos
 []


Overfull \hbox (6.35721pt too wide) in paragraph at lines 339--344
\T1/bch/m/n/10 predecir posibles escenarios. Porque se va a estar trabajando
 []


Overfull \hbox (12.2106pt too wide) in paragraph at lines 349--356
\T1/bch/m/n/10 solamente ya se tiene que poder saber cómo viene la empresa.
 []


Overfull \hbox (17.76453pt too wide) in paragraph at lines 349--356
\T1/bch/m/n/10 definen el tipo de objetivo estratégico, y los niveles estratégi
cos
 []


Overfull \hbox (0.15466pt too wide) in paragraph at lines 364--367
\T1/bch/m/n/10 porque tengan poca información, o porque abarquen pocas
 []


Overfull \hbox (8.93459pt too wide) in paragraph at lines 381--383
[]\T1/bch/m/n/10 Pero además de todo lo anterior, también se pueden clasificar
 []


Overfull \hbox (25.84721pt too wide) in paragraph at lines 406--409
\T1/bch/m/n/10 la organización. Si ponemos el microscopio en una organización,
 []


Package hyperref Warning: The anchor of a bookmark and its parent's must not
(hyperref)                be the same. Added a new anchor on input line 411.

[8]
Overfull \hbox (31.55054pt too wide) in paragraph at lines 417--419
[]\T1/bch/m/n/10 La información normativa después se relaciona con la informaci
ón
 []


Overfull \hbox (5.2006pt too wide) in paragraph at lines 434--437
\T1/bch/m/n/10 Esta información da cuenta de la transferencia de elementos
 []


Overfull \hbox (3.7406pt too wide) in paragraph at lines 438--442
[]\T1/bch/m/n/10 Este es el efecto de las actividades planificadas y ejecutadas
.
 []


Overfull \hbox (6.70729pt too wide) in paragraph at lines 447--450
\T1/bch/m/n/10 planificado y lo ejecutado. Esta es la información ya medida,
 []


Overfull \hbox (9.41466pt too wide) in paragraph at lines 454--462
\T1/bch/m/n/10 de un cronómetro, hay que comparar cantidades con tiempos
 []


Overfull \hbox (23.83054pt too wide) in paragraph at lines 467--472
\T1/bch/m/n/10 Esta información es el resultado de procesos de experimentación
 []


Overfull \hbox (7.7706pt too wide) in paragraph at lines 467--472
\T1/bch/m/n/10 y de indagación que se hayan iniciado desde distintos niveles
 []

[9]) (./SI-2024-02.tex [10


]
Overfull \hbox (9.4146pt too wide) in paragraph at lines 12--21
\T1/bch/m/n/10 las necesidades del cliente, mientras se cumpla la adecuación
 []


Overfull \hbox (16.304pt too wide) in paragraph at lines 12--21
\T1/bch/m/n/10 que es la ISO 25010, que contempla cuáles son esos estándares
 []


Overfull \hbox (10.29462pt too wide) in paragraph at lines 22--24
[]\T1/bch/m/n/10 Ahora vamos a nombrar cuáles son esas facetas, para después
 []


Package hyperref Warning: The anchor of a bookmark and its parent's must not
(hyperref)                be the same. Added a new anchor on input line 49.


Overfull \hbox (2.64728pt too wide) in paragraph at lines 51--58
\T1/bch/m/n/10 estableció previamente. No se compara con algo estándard,
 []


Overfull \hbox (28.48058pt too wide) in paragraph at lines 51--58
\T1/bch/m/n/10 sino que se compara con algo definido en la etapa de negociación
.
 []


Overfull \hbox (2.0906pt too wide) in paragraph at lines 51--58
\T1/bch/m/n/10 Con la adecuación funcional se va a comprobar si el sistema
 []


Overfull \hbox (0.20737pt too wide) in paragraph at lines 67--72
\T1/bch/m/n/10 niveles de precisión definidos previamente. Se puede
 []


Overfull \hbox (8.80733pt too wide) in paragraph at lines 72--75
[]\T1/bch/b/n/10 Pertinencia. \T1/bch/m/n/10 Es la adecuación de estas funciona
lidades
 []


Package hyperref Warning: The anchor of a bookmark and its parent's must not
(hyperref)                be the same. Added a new anchor on input line 91.


Overfull \hbox (18.39064pt too wide) in paragraph at lines 93--101
\T1/bch/m/n/10 reacción ante una solicitud sea entre 1 segundo y 1,3 segundos.
 []


Overfull \hbox (19.67078pt too wide) in paragraph at lines 103--117
\T1/bch/m/n/10 negocie tiene que quedar plasmado en documentos,
 []


Overfull \hbox (1.65459pt too wide) in paragraph at lines 122--125
\T1/bch/m/n/10 En este apartado, al referirnos a usabilidad se está teniendo
 []


Overfull \hbox (35.00061pt too wide) in paragraph at lines 122--125
\T1/bch/m/n/10 en cuenta la experiencia del usuario [UX]. Hay varios componente
s
 []

[11

]
Overfull \hbox (8.62073pt too wide) in paragraph at lines 136--158
\T1/bch/m/n/10 entorno tiene que dar herramientas para que el usuario
 []


Overfull \hbox (7.4007pt too wide) in paragraph at lines 136--158
\T1/bch/m/n/10 El usuario también tiene que reconocer que el software
 []


Overfull \hbox (1.47742pt too wide) in paragraph at lines 136--158
\T1/bch/m/n/10 es apropiado. Acá se vuelve al tema de la adecuación,
 []


Overfull \hbox (31.34735pt too wide) in paragraph at lines 166--175
[]\T1/bch/b/n/10 Coexistencia. \T1/bch/m/n/10 La palabra clave que va con la co
mpatibilidad
 []


Overfull \hbox (1.44469pt too wide) in paragraph at lines 175--180
\T1/bch/m/n/10 o extraer información, el software tiene que ser capaz
 []


Overfull \hbox (23.7208pt too wide) in paragraph at lines 183--195
[]\T1/bch/b/n/10 Cuándo salta la incompatibilidad de un software?
 []


Overfull \hbox (46.64467pt too wide) in paragraph at lines 183--195
\T1/bch/m/n/10 tengan formatos diferentes, lo que los hace incompatibles.
 []


Overfull \hbox (18.47739pt too wide) in paragraph at lines 183--195
\T1/bch/m/n/10 competencia. Son incompatibles intencionalmente.
 []


Overfull \hbox (5.56476pt too wide) in paragraph at lines 183--195
\T1/bch/m/n/10 un nuevo software, entender cuáles son los otros
 []


Overfull \hbox (2.12747pt too wide) in paragraph at lines 183--195
\T1/bch/m/n/10 funcionen en conjunto. No es algo que se pueda
 []


Overfull \hbox (20.36456pt too wide) in paragraph at lines 200--208
\T1/bch/m/n/10 como existen los estados de las entidades, que siga funcionando
 []


Overfull \hbox (9.24722pt too wide) in paragraph at lines 200--208
\T1/bch/m/n/10 a pesar de haber sido trasladado. Por eso también el software
 []


Overfull \hbox (7.62857pt too wide) in paragraph at lines 209--211
\T1/bch/m/n/10 en diferentes condiciones de hardware, software, servidores,
 []


Overfull \hbox (30.7247pt too wide) in paragraph at lines 223--234
\T1/bch/m/n/10 en módulos, donde cada módulo remite a una funcionalidad
 []


Overfull \hbox (1.37732pt too wide) in paragraph at lines 223--234
\T1/bch/m/n/10 específica. El principal objetivo al hacer esto es lograr
 []


Overfull \hbox (3.62477pt too wide) in paragraph at lines 223--234
\T1/bch/m/n/10 que un cambio en un módulo, tenga el menor impacto
 []


Overfull \hbox (6.10066pt too wide) in paragraph at lines 223--234
\T1/bch/m/n/10 Esta idea viene de la programación orientada a objetos
 []


Overfull \hbox (18.88066pt too wide) in paragraph at lines 223--234
\T1/bch/m/n/10 [POO]: diferente a la programación orientada a procesos,
 []

[12]
Overfull \hbox (0.80739pt too wide) in paragraph at lines 240--243
[]\T1/bch/b/n/10 Capacidad de Ser Probado. \T1/bch/m/n/10 La mantenibilidad tie
ne
 []


Overfull \hbox (21.15457pt too wide) in paragraph at lines 254--262
\T1/bch/m/n/10 horarios el software tiene que funcionar, tiene que ser confiabl
e,
 []


Overfull \hbox (3.42462pt too wide) in paragraph at lines 254--262
\T1/bch/m/n/10 que tener una protección de la información, y de los estados
 []


Overfull \hbox (3.7014pt too wide) in paragraph at lines 271--280
[]\T1/bch/b/n/10 Confidencialidad. \T1/bch/m/n/10 En un primer momento, hablamo
s
 []


Overfull \hbox (57.39455pt too wide) in paragraph at lines 271--280
\T1/bch/m/n/10 terceros, entonces el sistema debe garantizar esa confidencialid
ad,
 []


Overfull \hbox (18.43065pt too wide) in paragraph at lines 271--280
\T1/bch/m/n/10 tiene que proteger la información del usuario y sobretodo
 []


Overfull \hbox (14.44072pt too wide) in paragraph at lines 280--285
\T1/bch/m/n/10 agentes que busquen extraer información para venderla,
 []


Overfull \hbox (16.4307pt too wide) in paragraph at lines 285--290
\T1/bch/m/n/10 suceda adentro del software tiene que quedar registrado,
 []


Overfull \hbox (10.59068pt too wide) in paragraph at lines 285--290
\T1/bch/m/n/10 para determinar quién fue el responsable de los hechos:
 []


Overfull \hbox (20.16466pt too wide) in paragraph at lines 285--290
\T1/bch/m/n/10 esta huela sirve para rastrear problemas, y dar soluciones. 
 []


Overfull \hbox (7.75064pt too wide) in paragraph at lines 299--303
\T1/bch/m/n/10 que es una herramienta que asiste en desarrollar un software
 []


Overfull \hbox (2.64067pt too wide) in paragraph at lines 304--307
[]\T1/bch/m/n/10 La calidad puede orientar en qué tipos de preguntas hacerle
 []


Overfull \hbox (2.0746pt too wide) in paragraph at lines 308--315
\T1/bch/m/n/10 anticiparse a las entregas, sabiendo qué es lo que se acordó,
 []


Overfull \hbox (6.7206pt too wide) in paragraph at lines 308--315
\T1/bch/m/n/10 sin que aparezcan elementos inesperados ni nuevos pedidos.
 []

[13]) (./SI-2024-03.tex [14


]
Overfull \hbox (8.70456pt too wide) in paragraph at lines 9--12
[]\T1/bch/m/n/10 El conocimiento es el conjunto de comportamientos, saberes,
 []


Package hyperref Warning: The anchor of a bookmark and its parent's must not
(hyperref)                be the same. Added a new anchor on input line 14.


Overfull \hbox (5.04858pt too wide) in paragraph at lines 16--20
\T1/bch/m/n/10 Este conocimiento está documentado, escrito, está separado
 []


Overfull \hbox (4.06471pt too wide) in paragraph at lines 21--28
\T1/bch/m/n/10 hace preguntas, y el agente las anota y hace una evaluación.
 []


Overfull \hbox (18.31053pt too wide) in paragraph at lines 32--41
\T1/bch/m/n/10 Este conociemiento está formado por los quehaceres cotidianos
 []


Overfull \hbox (10.56056pt too wide) in paragraph at lines 42--52
\T1/bch/m/n/10 entonces esta persona sabía que el 4 bis era un paso necesario
 []


Overfull \hbox (18.23056pt too wide) in paragraph at lines 42--52
\T1/bch/m/n/10 todos los algodones a una persona con ese nivel de experiencia,
 []


Overfull \hbox (27.68459pt too wide) in paragraph at lines 57--63
\T1/bch/m/n/10 materializarlo, y para eso tenemos que hacer que el conocimiento

 []


Overfull \hbox (0.92455pt too wide) in paragraph at lines 57--63
\T1/bch/m/n/10 conocimiento implícito, entonces buscamos dejar registros,
 []


Overfull \hbox (0.11472pt too wide) in paragraph at lines 64--67
\T1/bch/m/n/10 Naranja, donde saben su rol porque hay una cultura fuerte. 
 []

[15

]) (./materia-Sistemas-de-Informacion.aux)
Package rerunfilecheck Info: File `materia-Sistemas-de-Informacion.out' has not
 changed.
(rerunfilecheck)             Checksum: 0EAC160A674AFBCF59303C9DE7F6E303;11010.
 ) 
Here is how much of TeX's memory you used:
 11159 strings out of 480247
 175680 string characters out of 5896152
 489274 words of memory out of 5000000
 28862 multiletter control sequences out of 15000+600000
 491697 words of font info for 45 fonts, out of 8000000 for 9000
 14 hyphenation exceptions out of 8191
 65i,12n,66p,531b,417s stack positions out of 5000i,500n,10000p,200000b,80000s
{/usr/share/texlive/texmf-dist/fonts/enc/dvips/base/8r.enc}</usr/share/texliv
e/texmf-dist/fonts/type1/bitstrea/charter/bchb8a.pfb></usr/share/texlive/texmf-
dist/fonts/type1/bitstrea/charter/bchr8a.pfb></usr/share/texlive/texmf-dist/fon
ts/type1/bitstrea/charter/bchri8a.pfb>
Output written on materia-Sistemas-de-Informacion.pdf (15 pages, 87254 bytes).
PDF statistics:
 408 PDF objects out of 1000 (max. 8388607)
 381 compressed objects within 4 object streams
 93 named destinations out of 1000 (max. 500000)
 441 words of extra memory for PDF output out of 10000 (max. 10000000)

